<?xml version="1.0" encoding="UTF-8"?>
<testng-results skipped="0" failed="0" total="2" passed="2">
  <reporter-output>
  </reporter-output>
  <suite name="DeltaSuite" duration-ms="15362" started-at="2016-09-04T10:17:38Z" finished-at="2016-09-04T10:17:54Z">
    <groups>
    </groups>
    <test name="ChromeTest" duration-ms="10657" started-at="2016-09-04T10:17:38Z" finished-at="2016-09-04T10:17:49Z">
      <class name="delta.main.DeltaDriver">
        <test-method status="PASS" signature="launchApp(org.testng.xml.XmlTest)[pri:0, instance:delta.main.DeltaDriver@1753acfe]" name="launchApp" is-config="true" duration-ms="7407" started-at="2016-09-04T15:47:39Z" finished-at="2016-09-04T15:47:46Z">
          <params>
            <param index="0">
              <value>
                <![CDATA[[Test: "ChromeTest" verbose:1[parameters:browser=>chrome][metagroups:] [included: ][excluded: ]  classes:[XmlClass class=delta.main.DeltaDriver]  packages:] ]]>
              </value>
            </param>
          </params>
          <reporter-output>
          </reporter-output>
        </test-method> <!-- launchApp -->
        <test-method status="PASS" signature="testScenarios(java.lang.String, java.lang.String)[pri:0, instance:delta.main.DeltaDriver@1753acfe]" name="testScenarios" duration-ms="1195" started-at="2016-09-04T15:47:46Z" data-provider="getScenarios" finished-at="2016-09-04T15:47:48Z">
          <params>
            <param index="0">
              <value>
                <![CDATA[Scenario1]]>
              </value>
            </param>
            <param index="1">
              <value>
                <![CDATA[yes]]>
              </value>
            </param>
          </params>
          <reporter-output>
          </reporter-output>
        </test-method> <!-- testScenarios -->
        <test-method status="PASS" signature="quitApp(org.testng.ITestResult)[pri:0, instance:delta.main.DeltaDriver@1753acfe]" name="quitApp" is-config="true" duration-ms="1284" started-at="2016-09-04T15:47:48Z" finished-at="2016-09-04T15:47:49Z">
          <params>
            <param index="0">
              <value>
                <![CDATA[[TestResult name=testScenarios status=SUCCESS method=DeltaDriver.testScenarios(java.lang.String, java.lang.String)[pri:0, instance:delta.main.DeltaDriver@1753acfe] output={null}]]]>
              </value>
            </param>
          </params>
          <reporter-output>
          </reporter-output>
        </test-method> <!-- quitApp -->
      </class> <!-- delta.main.DeltaDriver -->
    </test> <!-- ChromeTest -->
    <test name="FirefoxTest" duration-ms="15362" started-at="2016-09-04T10:17:38Z" finished-at="2016-09-04T10:17:54Z">
      <class name="delta.main.DeltaDriver">
        <test-method status="PASS" signature="initFrameWork(org.testng.xml.XmlTest)[pri:0, instance:delta.main.DeltaDriver@475530b9]" name="initFrameWork" is-config="true" duration-ms="179" started-at="2016-09-04T15:47:38Z" finished-at="2016-09-04T15:47:38Z">
          <params>
            <param index="0">
              <value>
                <![CDATA[[Test: "FirefoxTest" verbose:1[parameters:browser=>firefox][metagroups:] [included: ][excluded: ]  classes:[XmlClass class=delta.main.DeltaDriver]  packages:] ]]>
              </value>
            </param>
          </params>
          <reporter-output>
          </reporter-output>
        </test-method> <!-- initFrameWork -->
        <test-method status="PASS" signature="launchApp(org.testng.xml.XmlTest)[pri:0, instance:delta.main.DeltaDriver@475530b9]" name="launchApp" is-config="true" duration-ms="12942" started-at="2016-09-04T15:47:39Z" finished-at="2016-09-04T15:47:52Z">
          <params>
            <param index="0">
              <value>
                <![CDATA[[Test: "FirefoxTest" verbose:1[parameters:browser=>firefox][metagroups:] [included: ][excluded: ]  classes:[XmlClass class=delta.main.DeltaDriver]  packages:] ]]>
              </value>
            </param>
          </params>
          <reporter-output>
          </reporter-output>
        </test-method> <!-- launchApp -->
        <test-method status="PASS" signature="testScenarios(java.lang.String, java.lang.String)[pri:0, instance:delta.main.DeltaDriver@475530b9]" name="testScenarios" duration-ms="1629" started-at="2016-09-04T15:47:52Z" data-provider="getScenarios" finished-at="2016-09-04T15:47:54Z">
          <params>
            <param index="0">
              <value>
                <![CDATA[Scenario1]]>
              </value>
            </param>
            <param index="1">
              <value>
                <![CDATA[yes]]>
              </value>
            </param>
          </params>
          <reporter-output>
          </reporter-output>
        </test-method> <!-- testScenarios -->
        <test-method status="PASS" signature="quitApp(org.testng.ITestResult)[pri:0, instance:delta.main.DeltaDriver@475530b9]" name="quitApp" is-config="true" duration-ms="32" started-at="2016-09-04T15:47:54Z" finished-at="2016-09-04T15:47:54Z">
          <params>
            <param index="0">
              <value>
                <![CDATA[[TestResult name=testScenarios status=SUCCESS method=DeltaDriver.testScenarios(java.lang.String, java.lang.String)[pri:0, instance:delta.main.DeltaDriver@475530b9] output={null}]]]>
              </value>
            </param>
          </params>
          <reporter-output>
          </reporter-output>
        </test-method> <!-- quitApp -->
        <test-method status="PASS" signature="endFrameWork()[pri:0, instance:delta.main.DeltaDriver@475530b9]" name="endFrameWork" is-config="true" duration-ms="355" started-at="2016-09-04T15:47:54Z" finished-at="2016-09-04T15:47:54Z">
          <reporter-output>
          </reporter-output>
        </test-method> <!-- endFrameWork -->
      </class> <!-- delta.main.DeltaDriver -->
    </test> <!-- FirefoxTest -->
  </suite> <!-- DeltaSuite -->
</testng-results>
